<?xml version="1.0" encoding="UTF-8"?>
<!-- Generated by org.testng.reporters.JUnitReportReporter -->
<testsuite hostname="DESKTOP-3GVSIGT" failures="0" tests="1" name="com.api.proj.beAutomationTest.AppTest" time="0.001" errors="0" timestamp="2021-10-17T15:56:12 IDT" skipped="0">
  <testcase classname="com.api.proj.beAutomationTest.AppTest" name="testApp" time="0.001"/>
  <system-out/>
</testsuite> <!-- com.api.proj.beAutomationTest.AppTest -->
