<?xml version="1.0" encoding="UTF-8"?>
<!-- Generated by org.testng.reporters.JUnitReportReporter -->
<testsuite hostname="DESKTOP-3GVSIGT" failures="0" tests="3" name="com.api.proj.beAutomationTest.BeTest" time="1.939" errors="0" timestamp="2021-10-18T00:04:05 IDT" skipped="0">
  <testcase classname="com.api.proj.beAutomationTest.BeTest" name="registerUserTest" time="1.216"/>
  <system-out/>
  <testcase classname="com.api.proj.beAutomationTest.BeTest" name="loginUserTest" time="0.392"/>
  <system-out/>
  <testcase classname="com.api.proj.beAutomationTest.BeTest" name="registerUserTestWithParams" time="0.331"/>
  <system-out/>
</testsuite> <!-- com.api.proj.beAutomationTest.BeTest -->
