<?xml version="1.0" encoding="UTF-8"?>
<!-- Generated by org.testng.reporters.JUnitReportReporter -->
<testsuite hostname="DESKTOP-3GVSIGT" failures="0" tests="1" name="com.api.proj.beAutomationTest.Login" time="0.004" errors="0" timestamp="2021-10-16T18:30:33 IDT" skipped="0">
  <testcase classname="com.api.proj.beAutomationTest.Login" name="loginTest" time="0.004"/>
  <system-out/>
</testsuite> <!-- com.api.proj.beAutomationTest.Login -->
